2023-11-29 20:55:57,433,433 INFO     [loggingFile.py:5] helloLoggerFunction() hello info
2023-11-29 20:55:57,435,435 DEBUG    [loggingFile.py:6] helloLoggerFunction() hello debug
2023-11-29 20:55:57,439,439 WARNING  [loggingFile.py:7] helloLoggerFunction() hello warning
2023-11-29 20:55:57,439,439 ERROR    [loggingFile.py:8] helloLoggerFunction() hello error
2023-11-29 20:55:57,469,469 CRITICAL [loggingFile.py:9] helloLoggerFunction() hello critical
2023-11-29 20:56:56,651,651 INFO     [loggingFile.py:5] helloLoggerFunction() hello info
2023-11-29 20:56:56,657,657 WARNING  [loggingFile.py:7] helloLoggerFunction() hello warning
2023-11-29 20:56:56,660,660 ERROR    [loggingFile.py:8] helloLoggerFunction() hello error
2023-11-29 20:56:56,667,667 CRITICAL [loggingFile.py:9] helloLoggerFunction() hello critical
2023-11-29 20:57:39,496,496 WARNING  [loggingFile.py:7] helloLoggerFunction() hello warning
2023-11-29 20:57:39,504,504 ERROR    [loggingFile.py:8] helloLoggerFunction() hello error
2023-11-29 20:57:39,505,505 CRITICAL [loggingFile.py:9] helloLoggerFunction() hello critical
2023-11-29 20:57:50,283,283 ERROR    [loggingFile.py:8] helloLoggerFunction() hello error
2023-11-29 20:57:50,286,286 CRITICAL [loggingFile.py:9] helloLoggerFunction() hello critical
2023-11-29 20:58:05,840,840 CRITICAL [loggingFile.py:9] helloLoggerFunction() hello critical
2023-11-29 20:58:16,861,861 INFO     [loggingFile.py:5] helloLoggerFunction() hello info
2023-11-29 20:58:16,889,889 DEBUG    [loggingFile.py:6] helloLoggerFunction() hello debug
2023-11-29 20:58:16,893,893 WARNING  [loggingFile.py:7] helloLoggerFunction() hello warning
2023-11-29 20:58:16,895,895 ERROR    [loggingFile.py:8] helloLoggerFunction() hello error
2023-11-29 20:58:16,909,909 CRITICAL [loggingFile.py:9] helloLoggerFunction() hello critical
